<?xml version="1.0" encoding="UTF-8"?>
<!-- Generated by org.testng.reporters.JUnitReportReporter -->
<testsuite hostname="chenyang-PC" name="com.msun.stream.classes.FileClassTest" tests="1" failures="0" timestamp="16 Aug 2016 08:59:11 GMT" time="0.016" errors="0">
  <testcase name="judge" time="0.016" classname="com.msun.stream.classes.FileClassTest"/>
</testsuite> <!-- com.msun.stream.classes.FileClassTest -->
