<?xml version="1.0" encoding="UTF-8"?>
<!-- Generated by org.testng.reporters.JUnitReportReporter -->
<testsuite hostname="chenyang-PC" name="com.msun.stream.classes.FileClassTest" tests="1" failures="0" timestamp="9 Aug 2016 01:59:45 GMT" time="0.022" errors="0">
  <testcase name="judge" time="0.022" classname="com.msun.stream.classes.FileClassTest"/>
</testsuite> <!-- com.msun.stream.classes.FileClassTest -->
