<?xml version="1.0" encoding="UTF-8"?>
<!-- Generated by org.testng.reporters.JUnitReportReporter -->
<testsuite hostname="chenyang-PC" name="com.msun.algorithms.string.StringMatchingTest" tests="1" failures="0" timestamp="26 Jul 2016 16:00:30 GMT" time="0.017" errors="0">
  <testcase name="boyerMoore" time="0.017" classname="com.msun.algorithms.string.StringMatchingTest"/>
</testsuite> <!-- com.msun.algorithms.string.StringMatchingTest -->
